<?xml version="1.0" encoding="UTF-8"?>
<!-- Generated by org.testng.reporters.JUnitReportReporter -->
<testsuite hostname="sandy" failures="0" tests="5" name="com.apitask.ApiTest" time="9.334" errors="0" timestamp="24 May 2023 08:56:17 GMT" skipped="0">
  <testcase classname="com.apitask.ApiTest" name="createFlight" time="5.471"/>
  <testcase classname="com.apitask.ApiTest" name="updateFlightPut" time="1.079"/>
  <testcase classname="com.apitask.ApiTest" name="updateFlightPatch" time="0.818"/>
  <testcase classname="com.apitask.ApiTest" name="getFlight" time="1.138"/>
  <testcase classname="com.apitask.ApiTest" name="deleteFlight" time="0.828"/>
</testsuite> <!-- com.apitask.ApiTest -->
