<?xml version="1.0" encoding="UTF-8"?>
<!-- Generated by org.testng.reporters.JUnitReportReporter -->
<testsuite hostname="sandy" failures="0" tests="7" name="com.apitask.SwaggerDoc" time="11.983" errors="0" timestamp="26 May 2023 10:31:22 GMT" skipped="0">
  <testcase classname="com.apitask.SwaggerDoc" name="Login" time="4.190"/>
  <testcase classname="com.apitask.SwaggerDoc" name="StateList" time="1.041"/>
  <testcase classname="com.apitask.SwaggerDoc" name="CityList" time="1.344"/>
  <testcase classname="com.apitask.SwaggerDoc" name="AddAddress" time="1.116"/>
  <testcase classname="com.apitask.SwaggerDoc" name="UpdateAddress" time="2.206"/>
  <testcase classname="com.apitask.SwaggerDoc" name="GetAddress" time="0.969"/>
  <testcase classname="com.apitask.SwaggerDoc" name="DeleteAddress" time="1.117"/>
</testsuite> <!-- com.apitask.SwaggerDoc -->
