<?xml version="1.0" encoding="UTF-8"?>
<!-- Generated by org.testng.reporters.JUnitReportReporter -->
<testsuite hostname="sandy" failures="0" tests="1" name="com.apitask.BasicAuthentication" time="4.348" errors="0" timestamp="24 May 2023 10:04:47 GMT" skipped="0">
  <testcase classname="com.apitask.BasicAuthentication" name="basicAtuh" time="4.348"/>
</testsuite> <!-- com.apitask.BasicAuthentication -->
